<?xml version="1.0" encoding="UTF-8"?>
<robot generator="Robot 4.1.3 (Python 3.7.5 on win32)" generated="20220311 17:05:10.843" rpa="true" schemaversion="2">
<suite id="s1" name="Tasks" source="c:\Users\bhagyashri.kasture\Documents\VS\VS_Code\my-rsb-robot\tasks.robot">
<test id="s1-t1" name="Insert the sales data for the week and export it as a PDF">
<kw name="Open the intranet website">
<kw name="Open Available Browser" library="RPA.Browser.Selenium">
<arg>https://robotsparebinindustries.com/</arg>
<doc>Attempts to open a browser on the user's device from a set of
supported browsers. Automatically downloads a corresponding webdriver
if none is already installed.</doc>
<msg timestamp="20220311 17:05:12.357" level="INFO">Creating an instance of the Chrome WebDriver.</msg>
<msg timestamp="20220311 17:05:12.408" level="INFO">Created download root directory: C:\Users\bhagyashri.kasture\AppData\Local\robocorp\webdrivers</msg>
<msg timestamp="20220311 17:05:12.409" level="INFO">Created symlink directory: C:\Users\bhagyashri.kasture\AppData\Local\robocorp\webdrivers</msg>
<msg timestamp="20220311 17:05:12.410" level="INFO">Creating an instance of the Chrome WebDriver.</msg>
<msg timestamp="20220311 17:05:14.648" level="INFO">Created Chrome browser with arguments: --disable-dev-shm-usage --disable-web-security --allow-running-insecure-content --no-sandbox</msg>
<msg timestamp="20220311 17:05:14.649" level="INFO" html="true">&lt;p&gt;Attempted combinations:&lt;/p&gt;&lt;div class="doc"&gt;&lt;table&gt;&lt;tr&gt;&lt;th&gt;Browser&lt;/th&gt;&lt;th&gt;Download&lt;/th&gt;&lt;th&gt;Error&lt;/th&gt;&lt;/tr&gt;&lt;tr&gt;&lt;td&gt;Chrome&lt;/td&gt;&lt;td&gt;False&lt;/td&gt;&lt;td&gt;Message: 'chromedriver' executable needs to be in PATH. Please see https://sites.google.com/a/chromium.org/chromedriver/home
&lt;/td&gt;&lt;/tr&gt;&lt;tr&gt;&lt;td&gt;Chrome&lt;/td&gt;&lt;td&gt;True&lt;/td&gt;&lt;td&gt;&lt;/td&gt;&lt;/tr&gt;&lt;/table&gt;&lt;/div&gt;</msg>
<msg timestamp="20220311 17:05:14.649" level="INFO">Opening url 'https://robotsparebinindustries.com/'</msg>
<status status="PASS" starttime="20220311 17:05:12.355" endtime="20220311 17:05:16.465"/>
</kw>
<status status="PASS" starttime="20220311 17:05:12.355" endtime="20220311 17:05:16.465"/>
</kw>
<kw name="Log in">
<kw name="Input Text" library="RPA.Browser.Selenium">
<arg>username</arg>
<arg>maria</arg>
<doc>Types the given ``text`` into the text field identified by ``locator``.</doc>
<msg timestamp="20220311 17:05:16.470" level="INFO">Typing text 'maria' into text field 'username'.</msg>
<status status="PASS" starttime="20220311 17:05:16.469" endtime="20220311 17:05:16.713"/>
</kw>
<kw name="Input Password" library="RPA.Browser.Selenium">
<arg>password</arg>
<arg>thoushallnotpass</arg>
<doc>Types the given password into the text field identified by ``locator``.</doc>
<msg timestamp="20220311 17:05:16.713" level="INFO">Typing password into text field 'password'.</msg>
<msg timestamp="20220311 17:05:16.839" level="INFO">Temporally setting log level to: NONE</msg>
<msg timestamp="20220311 17:05:16.985" level="INFO">Log level changed from NONE to INFO.</msg>
<status status="PASS" starttime="20220311 17:05:16.713" endtime="20220311 17:05:16.986"/>
</kw>
<kw name="Submit Form" library="RPA.Browser.Selenium">
<doc>Submits a form identified by ``locator``.</doc>
<msg timestamp="20220311 17:05:16.988" level="INFO">Submitting form 'None'.</msg>
<status status="PASS" starttime="20220311 17:05:16.987" endtime="20220311 17:05:17.077"/>
</kw>
<status status="PASS" starttime="20220311 17:05:16.468" endtime="20220311 17:05:17.077"/>
</kw>
<status status="PASS" starttime="20220311 17:05:12.352" endtime="20220311 17:05:17.079"/>
</test>
<doc>Insert the sales data for the week and export it as a PDF.</doc>
<status status="PASS" starttime="20220311 17:05:10.865" endtime="20220311 17:05:17.083"/>
</suite>
<statistics>
<total>
<stat pass="1" fail="0" skip="0">All Tasks</stat>
</total>
<tag>
</tag>
<suite>
<stat pass="1" fail="0" skip="0" id="s1" name="Tasks">Tasks</stat>
</suite>
</statistics>
<errors>
</errors>
</robot>
